Array
(
    [0] => Array
        (
            [id] => P001
            [name] => Truyện Doremon
            [price] => 44000
            [quantity] => 2
        )

    [1] => Array
        (
            [id] => P003
            [name] => Truyện One Piece
            [price] => 51750
            [quantity] => 2
        )

    [2] => Array
        (
            [id] => P004
            [name] => Truyện Naruto
            [price] => 65760
            [quantity] => 1
        )

    [3] => Array
        (
            [id] => P005
            [name] => Truyện Dragon Ball
            [price] => 65000
            [quantity] => 1
        )

)
